samples/StarterApp/build/outputs/logs/manifest-merger-debug-report.txt
-- Merging decision tree log ---
manifest
ADDED from src\main\AndroidManifest.xml:2:1-21:12
INJECTED from src\main\AndroidManifest.xml:2:1-21:12
INJECTED from src\main\AndroidManifest.xml:2:1-21:12
INJECTED from src\main\AndroidManifest.xml:2:1-21:12
MERGED from [com.android.support:appcompat-v7:23.4.0] AndroidManifest.xml:17:1-27:12
MERGED from [com.android.support:cardview-v7:23.4.0] AndroidManifest.xml:17:1-24:12
MERGED from [:ClientLib] AndroidManifest.xml:2:1-75:12
MERGED from [com.android.support:animated-vector-drawable:23.4.0] AndroidManifest.xml:2:1-9:12
MERGED from [com.android.support:support-vector-drawable:23.4.0] AndroidManifest.xml:2:1-9:12
MERGED from [com.google.android.gms:play-services-location:8.4.0] AndroidManifest.xml:16:1-20:12
MERGED from [com.google.android.gms:play-services-maps:8.4.0] AndroidManifest.xml:16:1-28:12
MERGED from [com.google.android.gms:play-services-base:8.4.0] AndroidManifest.xml:16:1-19:12
MERGED from [com.google.android.gms:play-services-basement:8.4.0] AndroidManifest.xml:16:1-26:12
MERGED from [com.android.support:support-v4:23.4.0] AndroidManifest.xml:17:1-24:12
MERGED from [org.droidplanner.android:usb-serial-android:0.1.0] AndroidManifest.xml:2:1-9:12
INJECTED from src\main\AndroidManifest.xml:2:1-21:12
INJECTED from src\main\AndroidManifest.xml:2:1-21:12
INJECTED from src\main\AndroidManifest.xml:2:1-21:12
	package
		ADDED from src\main\AndroidManifest.xml:3:5-49
		INJECTED from src\main\AndroidManifest.xml
		INJECTED from src\main\AndroidManifest.xml
	android:versionName
		INJECTED from src\main\AndroidManifest.xml
		ADDED from src\main\AndroidManifest.xml:2:1-21:12
		INJECTED from src\main\AndroidManifest.xml
	android:versionCode
		INJECTED from src\main\AndroidManifest.xml
		ADDED from src\main\AndroidManifest.xml:2:1-21:12
		INJECTED from src\main\AndroidManifest.xml
	xmlns:android
		ADDED from src\main\AndroidManifest.xml:2:11-69
application
ADDED from src\main\AndroidManifest.xml:5:5-19:19
MERGED from [com.android.support:appcompat-v7:23.4.0] AndroidManifest.xml:25:5-20
MERGED from [com.android.support:appcompat-v7:23.4.0] AndroidManifest.xml:25:5-20
MERGED from [com.android.support:cardview-v7:23.4.0] AndroidManifest.xml:22:5-20
MERGED from [com.android.support:cardview-v7:23.4.0] AndroidManifest.xml:22:5-20
MERGED from [:ClientLib] AndroidManifest.xml:43:5-73:19
MERGED from [:ClientLib] AndroidManifest.xml:43:5-73:19
MERGED from [com.android.support:animated-vector-drawable:23.4.0] AndroidManifest.xml:7:5-20
MERGED from [com.android.support:animated-vector-drawable:23.4.0] AndroidManifest.xml:7:5-20
MERGED from [com.android.support:support-vector-drawable:23.4.0] AndroidManifest.xml:7:5-20
MERGED from [com.android.support:support-vector-drawable:23.4.0] AndroidManifest.xml:7:5-20
MERGED from [com.google.android.gms:play-services-location:8.4.0] AndroidManifest.xml:19:5-20
MERGED from [com.google.android.gms:play-services-location:8.4.0] AndroidManifest.xml:19:5-20
MERGED from [com.google.android.gms:play-services-maps:8.4.0] AndroidManifest.xml:27:5-20
MERGED from [com.google.android.gms:play-services-maps:8.4.0] AndroidManifest.xml:27:5-20
MERGED from [com.google.android.gms:play-services-basement:8.4.0] AndroidManifest.xml:20:5-24:19
MERGED from [com.google.android.gms:play-services-basement:8.4.0] AndroidManifest.xml:20:5-24:19
MERGED from [com.android.support:support-v4:23.4.0] AndroidManifest.xml:22:5-20
MERGED from [com.android.support:support-v4:23.4.0] AndroidManifest.xml:22:5-20
	android:label
		ADDED from src\main\AndroidManifest.xml:9:9-41
	android:icon
		ADDED from src\main\AndroidManifest.xml:8:9-45
	android:allowBackup
		ADDED from src\main\AndroidManifest.xml:7:9-35
	android:theme
		ADDED from src\main\AndroidManifest.xml:10:9-40
	android:name
		ADDED from src\main\AndroidManifest.xml:6:9-43
activity#org.droidplanner.sample.hellodrone.MainActivity
ADDED from src\main\AndroidManifest.xml:11:9-18:20
	android:label
		ADDED from src\main\AndroidManifest.xml:13:13-45
	android:name
		ADDED from src\main\AndroidManifest.xml:12:13-75
intent-filter#action:name:android.intent.action.MAIN+category:name:android.intent.category.LAUNCHER
ADDED from src\main\AndroidManifest.xml:14:13-17:29
action#android.intent.action.MAIN
ADDED from src\main\AndroidManifest.xml:15:17-69
	android:name
		ADDED from src\main\AndroidManifest.xml:15:25-66
category#android.intent.category.LAUNCHER
ADDED from src\main\AndroidManifest.xml:16:17-77
	android:name
		ADDED from src\main\AndroidManifest.xml:16:27-74
uses-sdk
INJECTED from src\main\AndroidManifest.xml reason: use-sdk injection requested
INJECTED from src\main\AndroidManifest.xml
INJECTED from src\main\AndroidManifest.xml
MERGED from [com.android.support:appcompat-v7:23.4.0] AndroidManifest.xml:21:5-23:78
MERGED from [com.android.support:appcompat-v7:23.4.0] AndroidManifest.xml:21:5-23:78
MERGED from [com.android.support:cardview-v7:23.4.0] AndroidManifest.xml:20:5-43
MERGED from [com.android.support:cardview-v7:23.4.0] AndroidManifest.xml:20:5-43
MERGED from [:ClientLib] AndroidManifest.xml:7:5-9:41
MERGED from [:ClientLib] AndroidManifest.xml:7:5-9:41
MERGED from [com.android.support:animated-vector-drawable:23.4.0] AndroidManifest.xml:5:5-44
MERGED from [com.android.support:animated-vector-drawable:23.4.0] AndroidManifest.xml:5:5-44
MERGED from [com.android.support:support-vector-drawable:23.4.0] AndroidManifest.xml:5:5-43
MERGED from [com.android.support:support-vector-drawable:23.4.0] AndroidManifest.xml:5:5-43
MERGED from [com.google.android.gms:play-services-location:8.4.0] AndroidManifest.xml:18:5-42
MERGED from [com.google.android.gms:play-services-location:8.4.0] AndroidManifest.xml:18:5-42
MERGED from [com.google.android.gms:play-services-maps:8.4.0] AndroidManifest.xml:26:5-42
MERGED from [com.google.android.gms:play-services-maps:8.4.0] AndroidManifest.xml:26:5-42
MERGED from [com.google.android.gms:play-services-base:8.4.0] AndroidManifest.xml:18:5-42
MERGED from [com.google.android.gms:play-services-base:8.4.0] AndroidManifest.xml:18:5-42
MERGED from [com.google.android.gms:play-services-basement:8.4.0] AndroidManifest.xml:18:5-42
MERGED from [com.google.android.gms:play-services-basement:8.4.0] AndroidManifest.xml:18:5-42
MERGED from [com.android.support:support-v4:23.4.0] AndroidManifest.xml:20:5-43
MERGED from [com.android.support:support-v4:23.4.0] AndroidManifest.xml:20:5-43
MERGED from [org.droidplanner.android:usb-serial-android:0.1.0] AndroidManifest.xml:7:5-44
MERGED from [org.droidplanner.android:usb-serial-android:0.1.0] AndroidManifest.xml:7:5-44
INJECTED from src\main\AndroidManifest.xml
INJECTED from src\main\AndroidManifest.xml
	tools:overrideLibrary
		ADDED from [com.android.support:appcompat-v7:23.4.0] AndroidManifest.xml:23:9-75
	android:targetSdkVersion
		INJECTED from src\main\AndroidManifest.xml
		ADDED from src\main\AndroidManifest.xml
		INJECTED from src\main\AndroidManifest.xml
	android:minSdkVersion
		INJECTED from src\main\AndroidManifest.xml
		ADDED from src\main\AndroidManifest.xml
		INJECTED from src\main\AndroidManifest.xml
uses-permission#android.permission.INTERNET
ADDED from [:ClientLib] AndroidManifest.xml:11:5-67
MERGED from [com.google.android.gms:play-services-maps:8.4.0] AndroidManifest.xml:21:5-66
MERGED from [com.google.android.gms:play-services-maps:8.4.0] AndroidManifest.xml:21:5-66
	android:name
		ADDED from [:ClientLib] AndroidManifest.xml:11:22-64
uses-permission#android.permission.CHANGE_WIFI_STATE
ADDED from [:ClientLib] AndroidManifest.xml:12:5-76
	android:name
		ADDED from [:ClientLib] AndroidManifest.xml:12:22-73
uses-permission#android.permission.WRITE_EXTERNAL_STORAGE
ADDED from [:ClientLib] AndroidManifest.xml:13:5-81
	android:name
		ADDED from [:ClientLib] AndroidManifest.xml:13:22-78
uses-permission#android.permission.ACCESS_NETWORK_STATE
ADDED from [:ClientLib] AndroidManifest.xml:14:5-79
MERGED from [com.google.android.gms:play-services-maps:8.4.0] AndroidManifest.xml:20:5-78
MERGED from [com.google.android.gms:play-services-maps:8.4.0] AndroidManifest.xml:20:5-78
	android:name
		ADDED from [:ClientLib] AndroidManifest.xml:14:22-76
uses-permission#android.permission.CHANGE_NETWORK_STATE
ADDED from [:ClientLib] AndroidManifest.xml:15:5-79
	android:name
		ADDED from [:ClientLib] AndroidManifest.xml:15:22-76
uses-permission#android.permission.ACCESS_WIFI_STATE
ADDED from [:ClientLib] AndroidManifest.xml:16:5-76
	android:name
		ADDED from [:ClientLib] AndroidManifest.xml:16:22-73
uses-permission#android.permission.ACCESS_COARSE_LOCATION
ADDED from [:ClientLib] AndroidManifest.xml:17:5-81
	android:name
		ADDED from [:ClientLib] AndroidManifest.xml:17:22-78
uses-permission#android.permission.ACCESS_FINE_LOCATION
ADDED from [:ClientLib] AndroidManifest.xml:18:5-79
	android:name
		ADDED from [:ClientLib] AndroidManifest.xml:18:22-76
uses-permission#android.permission.BLUETOOTH
ADDED from [:ClientLib] AndroidManifest.xml:19:5-68
	android:name
		ADDED from [:ClientLib] AndroidManifest.xml:19:22-65
uses-permission#android.permission.BLUETOOTH_ADMIN
ADDED from [:ClientLib] AndroidManifest.xml:20:5-74
	android:name
		ADDED from [:ClientLib] AndroidManifest.xml:20:22-71
uses-feature#android.hardware.bluetooth
ADDED from [:ClientLib] AndroidManifest.xml:23:5-25:36
	android:required
		ADDED from [:ClientLib] AndroidManifest.xml:25:9-33
	android:name
		ADDED from [:ClientLib] AndroidManifest.xml:24:9-50
uses-feature#android.hardware.usb.host
ADDED from [:ClientLib] AndroidManifest.xml:28:5-30:36
	android:required
		ADDED from [:ClientLib] AndroidManifest.xml:30:9-33
	android:name
		ADDED from [:ClientLib] AndroidManifest.xml:29:9-49
uses-feature#android.hardware.location.gps
ADDED from [:ClientLib] AndroidManifest.xml:33:5-35:36
	android:required
		ADDED from [:ClientLib] AndroidManifest.xml:35:9-33
	android:name
		ADDED from [:ClientLib] AndroidManifest.xml:34:9-53
uses-feature#android.hardware.location.network
ADDED from [:ClientLib] AndroidManifest.xml:36:5-38:36
	android:required
		ADDED from [:ClientLib] AndroidManifest.xml:38:9-33
	android:name
		ADDED from [:ClientLib] AndroidManifest.xml:37:9-57
uses-feature#android.hardware.location
ADDED from [:ClientLib] AndroidManifest.xml:39:5-41:36
	android:required
		ADDED from [:ClientLib] AndroidManifest.xml:41:9-33
	android:name
		ADDED from [:ClientLib] AndroidManifest.xml:40:9-49
activity#org.droidplanner.services.android.impl.ui.activity.UsbIntentReceiver
ADDED from [:ClientLib] AndroidManifest.xml:44:9-58:20
	android:excludeFromRecents
		ADDED from [:ClientLib] AndroidManifest.xml:46:13-46
	android:launchMode
		ADDED from [:ClientLib] AndroidManifest.xml:47:13-48
	android:noHistory
		ADDED from [:ClientLib] AndroidManifest.xml:48:13-37
	android:name
		ADDED from [:ClientLib] AndroidManifest.xml:45:13-96
intent-filter#action:name:android.hardware.usb.action.USB_DEVICE_ATTACHED
ADDED from [:ClientLib] AndroidManifest.xml:51:13-53:29
action#android.hardware.usb.action.USB_DEVICE_ATTACHED
ADDED from [:ClientLib] AndroidManifest.xml:52:17-90
	android:name
		ADDED from [:ClientLib] AndroidManifest.xml:52:25-87
meta-data#android.hardware.usb.action.USB_DEVICE_ATTACHED
ADDED from [:ClientLib] AndroidManifest.xml:55:13-57:57
	android:resource
		ADDED from [:ClientLib] AndroidManifest.xml:57:17-54
	android:name
		ADDED from [:ClientLib] AndroidManifest.xml:56:17-79
service#org.droidplanner.services.android.impl.api.DroidPlannerService
ADDED from [:ClientLib] AndroidManifest.xml:60:9-72:19
	android:enabled
		ADDED from [:ClientLib] AndroidManifest.xml:62:13-36
	android:name
		ADDED from [:ClientLib] AndroidManifest.xml:61:13-90
intent-filter#action:name:com.o3dr.services.android.lib.model.IDroidPlannerServices
ADDED from [:ClientLib] AndroidManifest.xml:65:13-67:29
action#com.o3dr.services.android.lib.model.IDroidPlannerServices
ADDED from [:ClientLib] AndroidManifest.xml:66:17-100
	android:name
		ADDED from [:ClientLib] AndroidManifest.xml:66:25-97
meta-data#com.o3dr.dronekit.android.core.version
ADDED from [:ClientLib] AndroidManifest.xml:69:13-71:61
	android:value
		ADDED from [:ClientLib] AndroidManifest.xml:71:17-58
	android:name
		ADDED from [:ClientLib] AndroidManifest.xml:70:17-70
uses-feature#0x00020000
ADDED from [com.google.android.gms:play-services-maps:8.4.0] AndroidManifest.xml:22:5-24:33
	android:glEsVersion
		ADDED from [com.google.android.gms:play-services-maps:8.4.0] AndroidManifest.xml:23:8-40
	android:required
		ADDED from [com.google.android.gms:play-services-maps:8.4.0] AndroidManifest.xml:24:8-31
meta-data#com.google.android.gms.version
ADDED from [com.google.android.gms:play-services-basement:8.4.0] AndroidManifest.xml:21:9-23:69
	android:value
		ADDED from [com.google.android.gms:play-services-basement:8.4.0] AndroidManifest.xml:23:13-66
	android:name
		ADDED from [com.google.android.gms:play-services-basement:8.4.0] AndroidManifest.xml:22:13-58